<?xml version="1.0" encoding="UTF-8"?>
<!-- Generated by org.testng.reporters.JUnitReportReporter -->
<testsuite hostname="sabari" failures="0" tests="1" name="com.educationalDomain.sadp.Scripts.TestCase3" time="27.759" errors="0" timestamp="2022-10-27T14:11:31 IST" skipped="0">
  <testcase classname="com.educationalDomain.sadp.Scripts.TestCase3" name="testcase3" time="27.759"/>
  <system-out/>
</testsuite> <!-- com.educationalDomain.sadp.Scripts.TestCase3 -->
