<?xml version="1.0" encoding="UTF-8"?>
<!-- Generated by org.testng.reporters.JUnitReportReporter -->
<testsuite hostname="sabari" failures="0" tests="1" name="com.educationalDomain.sadp.Scripts.TestCase5" time="18.561" errors="0" timestamp="2022-10-27T14:11:31 IST" skipped="0">
  <testcase classname="com.educationalDomain.sadp.Scripts.TestCase5" name="testcase5" time="18.561"/>
  <system-out>
    <![CDATA[data not matching]]>
  </system-out>
</testsuite> <!-- com.educationalDomain.sadp.Scripts.TestCase5 -->
