<?xml version="1.0" encoding="UTF-8"?>
<!-- Generated by org.testng.reporters.JUnitReportReporter -->
<testsuite hostname="sabari" failures="0" tests="1" name="com.educationalDomain.sadp.Scripts.TestCase1" time="14.476" errors="0" timestamp="2022-10-29T13:03:33 IST" skipped="0">
  <testcase classname="com.educationalDomain.sadp.Scripts.TestCase1" name="testcase1" time="14.476"/>
  <system-out/>
</testsuite> <!-- com.educationalDomain.sadp.Scripts.TestCase1 -->
