<?xml version="1.0" encoding="UTF-8"?>
<!-- Generated by org.testng.reporters.JUnitReportReporter -->
<testsuite hostname="sabari" failures="0" tests="4" name="com.educationalDomain.sadp.Scripts.TestCase2" time="108.242" errors="0" timestamp="2022-10-29T13:07:01 IST" skipped="0">
  <testcase classname="com.educationalDomain.sadp.Scripts.TestCase2" name="testcase2" time="25.556"/>
  <system-out/>
  <testcase classname="com.educationalDomain.sadp.Scripts.TestCase2" name="testcase2" time="29.312"/>
  <system-out/>
  <testcase classname="com.educationalDomain.sadp.Scripts.TestCase2" name="testcase2" time="26.626"/>
  <system-out/>
  <testcase classname="com.educationalDomain.sadp.Scripts.TestCase2" name="testcase2" time="26.748"/>
  <system-out/>
</testsuite> <!-- com.educationalDomain.sadp.Scripts.TestCase2 -->
